<?xml version="1.0" encoding="UTF-8"?>
<!-- Generated by org.testng.reporters.JUnitReportReporter -->
<testsuite hostname="EC2AMAZ-DUU4ON1" failures="0" tests="1" name="Test.Demo" time="45.787" errors="0" timestamp="2021-02-04T22:41:31 GMT" skipped="0">
  <testcase classname="Test.Demo" name="demo1" time="45.787"/>
  <system-out/>
</testsuite> <!-- Test.Demo -->
