<?xml version="1.0" encoding="UTF-8"?>
<!-- Generated by org.testng.reporters.JUnitReportReporter -->
<testsuite hostname="EC2AMAZ-DUU4ON1" failures="0" tests="1" name="Test.Demo" time="38.722" errors="0" timestamp="2021-02-06T15:46:10 GMT" skipped="0">
  <testcase classname="Test.Demo" name="demo1" time="38.722"/>
  <system-out/>
</testsuite> <!-- Test.Demo -->
